
Removing stage dev
infrastructure › waiting
user › waiting
listing › waiting
api › waiting
api › removing
api › Running "serverless remove --stage dev"
api › Removing rental-storage-api from stage dev (us-east-1)
api › ✔ Service rental-storage-api has been successfully removed (18s)
api › 2 deprecations found: run 'serverless doctor' for more details
api › removed
user › removing
listing › removing
user › Running "serverless remove --stage dev"
listing › Running "serverless remove --stage dev"
user › Removing rental-storage-user from stage dev (us-east-1)
listing › Removing rental-storage-listing from stage dev (us-east-1)
user › ✔ Service rental-storage-user has been successfully removed (534s)
user › 2 deprecations found: run 'serverless doctor' for more details
user › removed
listing › ✔ Service rental-storage-listing has been successfully removed (563s)
listing › 2 deprecations found: run 'serverless doctor' for more details
listing › removed
infrastructure › removing
infrastructure › Running "serverless remove --stage dev"
infrastructure › Removing rental-storage-infrastructure from stage dev (us-east-1)
infrastructure › ✔ Service rental-storage-infrastructure has been successfully removed (35s)
infrastructure › 1 deprecation found: run 'serverless doctor' for more details
infrastructure › removed
